18:49:33: Peer 1001 makes a connection to Peer 1006.
18:49:33: Peer 1001 received the 'interested' message from 1006.
18:49:35: Peer 1001 has the preferred neighbors 1006.
18:49:40: Peer 1001 has the preferred neighbors 1006.
18:49:41: Peer 1001 received the 'not interested' message from 1006 .
19:06:45: Peer 1001 makes a connection to Peer 1006.
19:06:45: Peer 1001 received the 'interested' message from 1006.
19:06:48: Peer 1001 has the preferred neighbors 1006.
19:06:53: Peer 1001 has the preferred neighbors 1006.
19:06:53: Peer 1001 received the 'not interested' message from 1006 .
19:11:13: Peer 1001 makes a connection to Peer 1006.
19:11:13: Peer 1001 received the 'not interested' message from 1006 .
09:32:49: Peer 1001 makes a connection to Peer 1006.
09:32:49: Peer 1001 received the 'interested' message from 1006.
09:32:51: Peer 1001 has the optimistically unchoked neighbor 1006.
09:32:51: Peer 1001 has the preferred neighbors 1006.
09:32:55: Peer 1001 received the 'not interested' message from 1006 .
11:06:38: Peer 1001 makes a connection to Peer 1001.
11:06:38: Peer 1001 makes a connection to Peer 1001.
11:06:38: Peer 1001 received the 'not interested' message from 1001 .
11:06:38: Peer 1001 received the 'not interested' message from 1001 .
11:20:17: Peer 1001 makes a connection to Peer 1001.
11:20:17: Peer 1001 makes a connection to Peer 1001.
11:20:17: Peer 1001 received the 'not interested' message from 1001 .
11:20:17: Peer 1001 received the 'not interested' message from 1001 .
11:22:01: Peer 1001 makes a connection to Peer 1006.
11:22:01: Peer 1001 received the 'not interested' message from 1006 .
11:22:40: Peer 1001 makes a connection to Peer 1002.
11:22:40: Peer 1001 received the 'interested' message from 1002.
11:22:41: Peer 1001 received the 'have' message from 1002 for the piece 436.
11:22:41: Peer 1001 received the 'have' message from 1002 for the piece 336.
11:22:41: Peer 1001 received the 'have' message from 1002 for the piece 796.
11:22:41: Peer 1001 received the 'have' message from 1002 for the piece 1064.
11:22:41: Peer 1001 received the 'have' message from 1002 for the piece 740.
11:22:41: Peer 1001 received the 'have' message from 1002 for the piece 217.
11:22:41: Peer 1001 received the 'have' message from 1002 for the piece 947.
11:22:41: Peer 1001 received the 'have' message from 1002 for the piece 112.
11:22:41: Peer 1001 received the 'have' message from 1002 for the piece 1134.
11:22:41: Peer 1001 received the 'have' message from 1002 for the piece 338.
11:22:41: Peer 1001 received the 'have' message from 1002 for the piece 455.
11:22:41: Peer 1001 received the 'have' message from 1002 for the piece 11.
11:22:41: Peer 1001 received the 'have' message from 1002 for the piece 428.
11:22:41: Peer 1001 received the 'have' message from 1002 for the piece 333.
11:22:41: Peer 1001 received the 'have' message from 1002 for the piece 1128.
11:22:41: Peer 1001 received the 'have' message from 1002 for the piece 608.
11:22:41: Peer 1001 received the 'have' message from 1002 for the piece 1330.
11:22:41: Peer 1001 received the 'have' message from 1002 for the piece 433.
11:22:41: Peer 1001 received the 'have' message from 1002 for the piece 20.
11:22:41: Peer 1001 received the 'have' message from 1002 for the piece 376.
11:22:41: Peer 1001 received the 'have' message from 1002 for the piece 863.
11:22:41: Peer 1001 received the 'have' message from 1002 for the piece 222.
11:22:41: Peer 1001 received the 'have' message from 1002 for the piece 1040.
11:22:41: Peer 1001 received the 'have' message from 1002 for the piece 408.
11:22:41: Peer 1001 received the 'have' message from 1002 for the piece 252.
11:22:41: Peer 1001 received the 'have' message from 1002 for the piece 1414.
11:22:41: Peer 1001 received the 'have' message from 1002 for the piece 70.
11:22:41: Peer 1001 received the 'have' message from 1002 for the piece 723.
11:22:41: Peer 1001 received the 'have' message from 1002 for the piece 939.
11:22:41: Peer 1001 received the 'have' message from 1002 for the piece 999.
11:22:41: Peer 1001 received the 'have' message from 1002 for the piece 1188.
11:22:41: Peer 1001 received the 'have' message from 1002 for the piece 116.
11:22:41: Peer 1001 received the 'have' message from 1002 for the piece 1306.
11:22:41: Peer 1001 received the 'have' message from 1002 for the piece 988.
11:22:41: Peer 1001 received the 'have' message from 1002 for the piece 403.
11:22:41: Peer 1001 received the 'have' message from 1002 for the piece 648.
11:22:41: Peer 1001 received the 'have' message from 1002 for the piece 175.
11:22:41: Peer 1001 received the 'have' message from 1002 for the piece 1269.
11:22:41: Peer 1001 received the 'have' message from 1002 for the piece 659.
11:22:41: Peer 1001 received the 'have' message from 1002 for the piece 968.
11:22:41: Peer 1001 received the 'have' message from 1002 for the piece 914.
11:22:41: Peer 1001 received the 'have' message from 1002 for the piece 1339.
11:22:41: Peer 1001 received the 'have' message from 1002 for the piece 731.
11:22:41: Peer 1001 received the 'have' message from 1002 for the piece 269.
11:22:41: Peer 1001 received the 'have' message from 1002 for the piece 776.
11:22:41: Peer 1001 received the 'have' message from 1002 for the piece 1358.
11:22:41: Peer 1001 received the 'have' message from 1002 for the piece 850.
11:22:41: Peer 1001 received the 'have' message from 1002 for the piece 239.
11:22:41: Peer 1001 received the 'have' message from 1002 for the piece 1021.
11:22:41: Peer 1001 received the 'have' message from 1002 for the piece 926.
11:22:41: Peer 1001 received the 'have' message from 1002 for the piece 1046.
11:22:41: Peer 1001 received the 'have' message from 1002 for the piece 87.
11:22:41: Peer 1001 received the 'have' message from 1002 for the piece 227.
11:22:41: Peer 1001 received the 'have' message from 1002 for the piece 1349.
11:22:41: Peer 1001 received the 'have' message from 1002 for the piece 1167.
11:22:41: Peer 1001 received the 'have' message from 1002 for the piece 735.
11:22:41: Peer 1001 received the 'have' message from 1002 for the piece 533.
11:22:41: Peer 1001 received the 'have' message from 1002 for the piece 1444.
11:22:41: Peer 1001 received the 'have' message from 1002 for the piece 1451.
11:22:41: Peer 1001 received the 'have' message from 1002 for the piece 373.
11:22:41: Peer 1001 received the 'have' message from 1002 for the piece 709.
11:22:41: Peer 1001 received the 'have' message from 1002 for the piece 1413.
11:22:41: Peer 1001 received the 'have' message from 1002 for the piece 847.
11:22:41: Peer 1001 received the 'have' message from 1002 for the piece 908.
11:22:41: Peer 1001 received the 'have' message from 1002 for the piece 732.
11:22:41: Peer 1001 received the 'have' message from 1002 for the piece 551.
11:22:41: Peer 1001 received the 'have' message from 1002 for the piece 678.
11:22:41: Peer 1001 received the 'have' message from 1002 for the piece 1319.
11:22:41: Peer 1001 received the 'have' message from 1002 for the piece 742.
11:22:41: Peer 1001 received the 'have' message from 1002 for the piece 755.
11:22:41: Peer 1001 received the 'have' message from 1002 for the piece 416.
11:22:41: Peer 1001 received the 'have' message from 1002 for the piece 498.
11:22:41: Peer 1001 received the 'have' message from 1002 for the piece 1036.
11:22:41: Peer 1001 received the 'have' message from 1002 for the piece 1171.
11:22:41: Peer 1001 received the 'have' message from 1002 for the piece 261.
11:22:41: Peer 1001 received the 'have' message from 1002 for the piece 598.
11:22:41: Peer 1001 received the 'have' message from 1002 for the piece 512.
11:22:41: Peer 1001 received the 'have' message from 1002 for the piece 249.
11:22:41: Peer 1001 received the 'have' message from 1002 for the piece 1157.
11:22:41: Peer 1001 received the 'have' message from 1002 for the piece 1197.
11:22:41: Peer 1001 received the 'have' message from 1002 for the piece 1342.
11:22:41: Peer 1001 received the 'have' message from 1002 for the piece 1417.
11:22:41: Peer 1001 received the 'have' message from 1002 for the piece 708.
11:22:41: Peer 1001 received the 'have' message from 1002 for the piece 485.
11:22:41: Peer 1001 received the 'have' message from 1002 for the piece 1151.
11:22:41: Peer 1001 received the 'have' message from 1002 for the piece 1422.
11:22:41: Peer 1001 received the 'have' message from 1002 for the piece 439.
11:22:41: Peer 1001 received the 'have' message from 1002 for the piece 1239.
11:22:41: Peer 1001 received the 'have' message from 1002 for the piece 1220.
11:22:41: Peer 1001 received the 'have' message from 1002 for the piece 66.
11:22:41: Peer 1001 received the 'have' message from 1002 for the piece 519.
11:22:41: Peer 1001 received the 'have' message from 1002 for the piece 274.
11:22:41: Peer 1001 received the 'have' message from 1002 for the piece 166.
11:22:41: Peer 1001 received the 'have' message from 1002 for the piece 1108.
11:22:41: Peer 1001 received the 'have' message from 1002 for the piece 1265.
11:22:41: Peer 1001 received the 'have' message from 1002 for the piece 965.
11:22:41: Peer 1001 received the 'have' message from 1002 for the piece 298.
11:22:41: Peer 1001 received the 'have' message from 1002 for the piece 700.
11:22:41: Peer 1001 received the 'have' message from 1002 for the piece 206.
11:22:41: Peer 1001 received the 'have' message from 1002 for the piece 1013.
11:22:41: Peer 1001 received the 'have' message from 1002 for the piece 851.
11:22:41: Peer 1001 received the 'have' message from 1002 for the piece 149.
11:22:41: Peer 1001 received the 'have' message from 1002 for the piece 1461.
11:22:41: Peer 1001 received the 'have' message from 1002 for the piece 339.
11:22:41: Peer 1001 received the 'have' message from 1002 for the piece 703.
11:22:41: Peer 1001 received the 'have' message from 1002 for the piece 1296.
11:22:41: Peer 1001 received the 'have' message from 1002 for the piece 553.
11:22:41: Peer 1001 received the 'have' message from 1002 for the piece 256.
11:22:41: Peer 1001 received the 'have' message from 1002 for the piece 341.
11:22:41: Peer 1001 received the 'have' message from 1002 for the piece 192.
11:22:41: Peer 1001 received the 'have' message from 1002 for the piece 903.
11:22:41: Peer 1001 received the 'have' message from 1002 for the piece 715.
11:22:41: Peer 1001 received the 'have' message from 1002 for the piece 815.
11:22:41: Peer 1001 received the 'have' message from 1002 for the piece 364.
11:22:41: Peer 1001 received the 'have' message from 1002 for the piece 635.
11:22:41: Peer 1001 received the 'have' message from 1002 for the piece 945.
11:22:41: Peer 1001 received the 'have' message from 1002 for the piece 749.
11:22:41: Peer 1001 received the 'have' message from 1002 for the piece 294.
11:22:41: Peer 1001 received the 'have' message from 1002 for the piece 1311.
11:22:41: Peer 1001 received the 'have' message from 1002 for the piece 475.
11:22:41: Peer 1001 received the 'have' message from 1002 for the piece 646.
11:22:41: Peer 1001 received the 'have' message from 1002 for the piece 607.
11:22:41: Peer 1001 received the 'have' message from 1002 for the piece 118.
11:22:41: Peer 1001 received the 'have' message from 1002 for the piece 1291.
11:22:41: Peer 1001 received the 'have' message from 1002 for the piece 1058.
11:22:41: Peer 1001 received the 'have' message from 1002 for the piece 823.
11:22:41: Peer 1001 received the 'have' message from 1002 for the piece 781.
11:22:41: Peer 1001 received the 'have' message from 1002 for the piece 390.
11:22:41: Peer 1001 received the 'have' message from 1002 for the piece 318.
11:22:41: Peer 1001 received the 'have' message from 1002 for the piece 741.
11:22:41: Peer 1001 received the 'have' message from 1002 for the piece 304.
11:22:41: Peer 1001 received the 'have' message from 1002 for the piece 547.
11:22:41: Peer 1001 received the 'have' message from 1002 for the piece 159.
11:22:41: Peer 1001 received the 'have' message from 1002 for the piece 236.
11:22:41: Peer 1001 received the 'have' message from 1002 for the piece 275.
11:22:41: Peer 1001 received the 'have' message from 1002 for the piece 810.
11:22:41: Peer 1001 received the 'have' message from 1002 for the piece 680.
11:22:41: Peer 1001 received the 'have' message from 1002 for the piece 3.
11:22:41: Peer 1001 received the 'have' message from 1002 for the piece 176.
11:22:41: Peer 1001 received the 'have' message from 1002 for the piece 625.
11:22:41: Peer 1001 received the 'have' message from 1002 for the piece 768.
11:22:41: Peer 1001 received the 'have' message from 1002 for the piece 427.
11:22:41: Peer 1001 received the 'have' message from 1002 for the piece 123.
11:22:41: Peer 1001 received the 'have' message from 1002 for the piece 342.
11:22:41: Peer 1001 received the 'have' message from 1002 for the piece 814.
11:22:41: Peer 1001 received the 'have' message from 1002 for the piece 1095.
11:22:41: Peer 1001 received the 'have' message from 1002 for the piece 225.
11:22:41: Peer 1001 received the 'have' message from 1002 for the piece 393.
11:22:41: Peer 1001 received the 'have' message from 1002 for the piece 758.
11:22:41: Peer 1001 received the 'have' message from 1002 for the piece 143.
11:22:41: Peer 1001 received the 'have' message from 1002 for the piece 326.
11:22:41: Peer 1001 received the 'have' message from 1002 for the piece 548.
11:22:41: Peer 1001 received the 'have' message from 1002 for the piece 1372.
11:22:41: Peer 1001 received the 'have' message from 1002 for the piece 559.
11:22:41: Peer 1001 received the 'have' message from 1002 for the piece 1141.
11:22:41: Peer 1001 received the 'have' message from 1002 for the piece 1067.
11:22:42: Peer 1001 received the 'have' message from 1002 for the piece 344.
11:22:42: Peer 1001 received the 'have' message from 1002 for the piece 202.
11:22:42: Peer 1001 received the 'have' message from 1002 for the piece 39.
11:22:42: Peer 1001 received the 'have' message from 1002 for the piece 64.
11:22:42: Peer 1001 received the 'have' message from 1002 for the piece 718.
11:22:42: Peer 1001 received the 'have' message from 1002 for the piece 289.
11:22:42: Peer 1001 received the 'have' message from 1002 for the piece 844.
11:22:42: Peer 1001 received the 'have' message from 1002 for the piece 1300.
11:22:42: Peer 1001 received the 'have' message from 1002 for the piece 351.
11:22:42: Peer 1001 received the 'have' message from 1002 for the piece 497.
11:22:42: Peer 1001 received the 'have' message from 1002 for the piece 329.
11:22:42: Peer 1001 received the 'have' message from 1002 for the piece 223.
11:22:42: Peer 1001 received the 'have' message from 1002 for the piece 645.
11:22:42: Peer 1001 received the 'have' message from 1002 for the piece 365.
11:22:42: Peer 1001 received the 'have' message from 1002 for the piece 288.
11:22:42: Peer 1001 received the 'have' message from 1002 for the piece 869.
11:22:42: Peer 1001 received the 'have' message from 1002 for the piece 661.
11:22:42: Peer 1001 received the 'have' message from 1002 for the piece 1099.
11:22:42: Peer 1001 received the 'have' message from 1002 for the piece 601.
11:22:42: Peer 1001 received the 'have' message from 1002 for the piece 461.
11:22:42: Peer 1001 received the 'have' message from 1002 for the piece 21.
11:22:42: Peer 1001 received the 'have' message from 1002 for the piece 1361.
11:22:42: Peer 1001 received the 'have' message from 1002 for the piece 954.
11:22:42: Peer 1001 received the 'have' message from 1002 for the piece 894.
11:22:42: Peer 1001 received the 'have' message from 1002 for the piece 1418.
11:22:42: Peer 1001 received the 'have' message from 1002 for the piece 388.
11:22:42: Peer 1001 received the 'have' message from 1002 for the piece 1140.
11:22:42: Peer 1001 received the 'have' message from 1002 for the piece 1047.
11:22:42: Peer 1001 received the 'have' message from 1002 for the piece 1303.
11:22:42: Peer 1001 received the 'have' message from 1002 for the piece 610.
11:22:42: Peer 1001 received the 'have' message from 1002 for the piece 215.
11:22:42: Peer 1001 received the 'have' message from 1002 for the piece 867.
11:22:42: Peer 1001 received the 'have' message from 1002 for the piece 1075.
11:22:42: Peer 1001 received the 'have' message from 1002 for the piece 516.
11:22:42: Peer 1001 received the 'have' message from 1002 for the piece 454.
11:22:42: Peer 1001 received the 'have' message from 1002 for the piece 818.
11:22:42: Peer 1001 received the 'have' message from 1002 for the piece 41.
11:22:42: Peer 1001 received the 'have' message from 1002 for the piece 530.
11:22:42: Peer 1001 received the 'have' message from 1002 for the piece 895.
11:22:42: Peer 1001 received the 'have' message from 1002 for the piece 1010.
11:22:42: Peer 1001 received the 'have' message from 1002 for the piece 292.
11:22:42: Peer 1001 received the 'have' message from 1002 for the piece 797.
11:22:42: Peer 1001 received the 'have' message from 1002 for the piece 587.
11:22:42: Peer 1001 received the 'have' message from 1002 for the piece 1416.
11:22:42: Peer 1001 received the 'have' message from 1002 for the piece 1158.
11:22:42: Peer 1001 received the 'have' message from 1002 for the piece 1346.
11:22:42: Peer 1001 received the 'have' message from 1002 for the piece 940.
11:22:42: Peer 1001 received the 'have' message from 1002 for the piece 1043.
11:22:42: Peer 1001 received the 'have' message from 1002 for the piece 1173.
11:22:42: Peer 1001 received the 'have' message from 1002 for the piece 523.
11:22:42: Peer 1001 received the 'have' message from 1002 for the piece 655.
11:22:42: Peer 1001 received the 'have' message from 1002 for the piece 1061.
11:22:42: Peer 1001 received the 'have' message from 1002 for the piece 986.
11:22:42: Peer 1001 received the 'have' message from 1002 for the piece 1254.
11:22:42: Peer 1001 received the 'have' message from 1002 for the piece 1048.
11:22:42: Peer 1001 received the 'have' message from 1002 for the piece 1202.
11:22:42: Peer 1001 received the 'have' message from 1002 for the piece 313.
11:22:42: Peer 1001 received the 'have' message from 1002 for the piece 1359.
11:22:42: Peer 1001 received the 'have' message from 1002 for the piece 981.
11:22:42: Peer 1001 received the 'have' message from 1002 for the piece 1006.
11:22:42: Peer 1001 received the 'have' message from 1002 for the piece 628.
11:22:42: Peer 1001 received the 'have' message from 1002 for the piece 315.
11:22:42: Peer 1001 received the 'have' message from 1002 for the piece 752.
11:22:42: Peer 1001 received the 'have' message from 1002 for the piece 1338.
11:22:42: Peer 1001 received the 'have' message from 1002 for the piece 1034.
11:22:42: Peer 1001 received the 'have' message from 1002 for the piece 920.
11:22:42: Peer 1001 received the 'have' message from 1002 for the piece 952.
11:22:42: Peer 1001 received the 'have' message from 1002 for the piece 1137.
11:22:42: Peer 1001 received the 'have' message from 1002 for the piece 173.
11:22:42: Peer 1001 received the 'have' message from 1002 for the piece 885.
11:22:42: Peer 1001 received the 'have' message from 1002 for the piece 1387.
11:22:42: Peer 1001 received the 'have' message from 1002 for the piece 382.
11:22:42: Peer 1001 received the 'have' message from 1002 for the piece 1045.
11:22:42: Peer 1001 received the 'have' message from 1002 for the piece 18.
11:22:42: Peer 1001 received the 'have' message from 1002 for the piece 1392.
11:22:42: Peer 1001 received the 'have' message from 1002 for the piece 404.
11:22:42: Peer 1001 received the 'have' message from 1002 for the piece 832.
11:22:42: Peer 1001 received the 'have' message from 1002 for the piece 794.
11:22:42: Peer 1001 received the 'have' message from 1002 for the piece 4.
11:22:42: Peer 1001 received the 'have' message from 1002 for the piece 522.
11:22:42: Peer 1001 received the 'have' message from 1002 for the piece 795.
11:22:42: Peer 1001 received the 'have' message from 1002 for the piece 1469.
11:22:42: Peer 1001 received the 'have' message from 1002 for the piece 1464.
11:22:42: Peer 1001 received the 'have' message from 1002 for the piece 511.
11:22:42: Peer 1001 received the 'have' message from 1002 for the piece 402.
11:22:42: Peer 1001 received the 'have' message from 1002 for the piece 1181.
11:22:42: Peer 1001 received the 'have' message from 1002 for the piece 268.
11:22:42: Peer 1001 received the 'have' message from 1002 for the piece 193.
11:22:42: Peer 1001 received the 'have' message from 1002 for the piece 801.
11:22:42: Peer 1001 received the 'have' message from 1002 for the piece 1429.
11:22:42: Peer 1001 received the 'have' message from 1002 for the piece 664.
11:22:42: Peer 1001 received the 'have' message from 1002 for the piece 1242.
11:22:42: Peer 1001 received the 'have' message from 1002 for the piece 744.
11:22:42: Peer 1001 received the 'have' message from 1002 for the piece 928.
11:22:42: Peer 1001 received the 'have' message from 1002 for the piece 1402.
11:22:42: Peer 1001 received the 'have' message from 1002 for the piece 303.
11:22:42: Peer 1001 received the 'have' message from 1002 for the piece 88.
11:22:42: Peer 1001 received the 'have' message from 1002 for the piece 1385.
11:22:42: Peer 1001 received the 'have' message from 1002 for the piece 837.
11:22:42: Peer 1001 received the 'have' message from 1002 for the piece 432.
11:22:42: Peer 1001 received the 'have' message from 1002 for the piece 727.
11:22:42: Peer 1001 received the 'have' message from 1002 for the piece 508.
11:22:42: Peer 1001 received the 'have' message from 1002 for the piece 25.
11:22:42: Peer 1001 received the 'have' message from 1002 for the piece 1234.
11:22:42: Peer 1001 received the 'have' message from 1002 for the piece 690.
11:22:42: Peer 1001 received the 'have' message from 1002 for the piece 1344.
11:22:42: Peer 1001 received the 'have' message from 1002 for the piece 748.
11:22:42: Peer 1001 received the 'have' message from 1002 for the piece 880.
11:22:42: Peer 1001 received the 'have' message from 1002 for the piece 1477.
11:22:42: Peer 1001 received the 'have' message from 1002 for the piece 763.
11:22:42: Peer 1001 received the 'have' message from 1002 for the piece 1166.
11:22:42: Peer 1001 received the 'have' message from 1002 for the piece 507.
11:22:42: Peer 1001 received the 'have' message from 1002 for the piece 1474.
11:22:42: Peer 1001 received the 'have' message from 1002 for the piece 1251.
11:22:42: Peer 1001 received the 'have' message from 1002 for the piece 817.
11:22:42: Peer 1001 received the 'have' message from 1002 for the piece 1101.
11:22:42: Peer 1001 received the 'have' message from 1002 for the piece 218.
11:22:42: Peer 1001 received the 'have' message from 1002 for the piece 877.
11:22:42: Peer 1001 received the 'have' message from 1002 for the piece 125.
11:22:42: Peer 1001 received the 'have' message from 1002 for the piece 1405.
11:22:42: Peer 1001 received the 'have' message from 1002 for the piece 102.
11:22:42: Peer 1001 received the 'have' message from 1002 for the piece 1024.
11:22:42: Peer 1001 has the preferred neighbors 1002.
11:22:42: Peer 1001 received the 'have' message from 1002 for the piece 1449.
11:22:42: Peer 1001 received the 'have' message from 1002 for the piece 734.
11:22:42: Peer 1001 received the 'have' message from 1002 for the piece 1154.
11:22:42: Peer 1001 received the 'have' message from 1002 for the piece 943.
11:22:42: Peer 1001 received the 'have' message from 1002 for the piece 267.
11:22:42: Peer 1001 received the 'have' message from 1002 for the piece 1318.
11:22:42: Peer 1001 received the 'have' message from 1002 for the piece 1421.
11:22:42: Peer 1001 received the 'have' message from 1002 for the piece 829.
11:22:42: Peer 1001 received the 'have' message from 1002 for the piece 1115.
11:22:42: Peer 1001 received the 'have' message from 1002 for the piece 299.
11:22:42: Peer 1001 received the 'have' message from 1002 for the piece 132.
11:22:42: Peer 1001 received the 'have' message from 1002 for the piece 1395.
11:22:42: Peer 1001 received the 'have' message from 1002 for the piece 1476.
11:22:42: Peer 1001 received the 'have' message from 1002 for the piece 1142.
11:22:42: Peer 1001 received the 'have' message from 1002 for the piece 229.
11:22:42: Peer 1001 received the 'have' message from 1002 for the piece 788.
11:22:42: Peer 1001 received the 'have' message from 1002 for the piece 190.
11:22:42: Peer 1001 received the 'have' message from 1002 for the piece 187.
11:22:42: Peer 1001 received the 'have' message from 1002 for the piece 1238.
11:22:42: Peer 1001 received the 'have' message from 1002 for the piece 1386.
11:22:42: Peer 1001 received the 'have' message from 1002 for the piece 45.
11:22:42: Peer 1001 received the 'have' message from 1002 for the piece 534.
11:22:42: Peer 1001 received the 'have' message from 1002 for the piece 583.
11:22:42: Peer 1001 received the 'have' message from 1002 for the piece 1175.
11:22:42: Peer 1001 received the 'have' message from 1002 for the piece 349.
11:22:42: Peer 1001 received the 'have' message from 1002 for the piece 1222.
11:22:42: Peer 1001 received the 'have' message from 1002 for the piece 500.
11:22:42: Peer 1001 received the 'have' message from 1002 for the piece 765.
11:22:42: Peer 1001 received the 'have' message from 1002 for the piece 1466.
11:22:42: Peer 1001 received the 'have' message from 1002 for the piece 212.
11:22:42: Peer 1001 received the 'have' message from 1002 for the piece 325.
11:22:42: Peer 1001 received the 'have' message from 1002 for the piece 1070.
11:22:42: Peer 1001 received the 'have' message from 1002 for the piece 353.
11:22:42: Peer 1001 received the 'have' message from 1002 for the piece 1159.
11:22:42: Peer 1001 received the 'have' message from 1002 for the piece 372.
11:22:42: Peer 1001 received the 'have' message from 1002 for the piece 969.
11:22:42: Peer 1001 received the 'have' message from 1002 for the piece 562.
11:22:42: Peer 1001 received the 'have' message from 1002 for the piece 621.
11:22:42: Peer 1001 received the 'have' message from 1002 for the piece 82.
11:22:42: Peer 1001 received the 'have' message from 1002 for the piece 1357.
11:22:42: Peer 1001 received the 'have' message from 1002 for the piece 568.
11:22:42: Peer 1001 received the 'have' message from 1002 for the piece 1435.
11:22:42: Peer 1001 received the 'have' message from 1002 for the piece 406.
11:22:42: Peer 1001 received the 'have' message from 1002 for the piece 24.
11:22:42: Peer 1001 received the 'have' message from 1002 for the piece 348.
11:22:42: Peer 1001 received the 'have' message from 1002 for the piece 1375.
11:22:42: Peer 1001 received the 'have' message from 1002 for the piece 488.
11:22:42: Peer 1001 received the 'have' message from 1002 for the piece 1475.
11:22:42: Peer 1001 received the 'have' message from 1002 for the piece 924.
11:22:42: Peer 1001 received the 'have' message from 1002 for the piece 600.
11:22:42: Peer 1001 received the 'have' message from 1002 for the piece 410.
11:22:42: Peer 1001 received the 'have' message from 1002 for the piece 1183.
11:22:42: Peer 1001 received the 'have' message from 1002 for the piece 210.
11:22:42: Peer 1001 received the 'have' message from 1002 for the piece 1096.
11:22:42: Peer 1001 received the 'have' message from 1002 for the piece 422.
11:22:42: Peer 1001 received the 'have' message from 1002 for the piece 1020.
11:22:42: Peer 1001 received the 'have' message from 1002 for the piece 1419.
11:22:42: Peer 1001 received the 'have' message from 1002 for the piece 321.
11:22:42: Peer 1001 received the 'have' message from 1002 for the piece 892.
11:22:42: Peer 1001 received the 'have' message from 1002 for the piece 81.
11:22:42: Peer 1001 received the 'have' message from 1002 for the piece 896.
11:22:42: Peer 1001 received the 'have' message from 1002 for the piece 1091.
11:22:42: Peer 1001 received the 'have' message from 1002 for the piece 367.
11:22:42: Peer 1001 received the 'have' message from 1002 for the piece 767.
11:22:42: Peer 1001 received the 'have' message from 1002 for the piece 1308.
11:22:42: Peer 1001 received the 'have' message from 1002 for the piece 769.
11:22:42: Peer 1001 received the 'have' message from 1002 for the piece 1310.
11:22:42: Peer 1001 received the 'have' message from 1002 for the piece 247.
11:22:42: Peer 1001 received the 'have' message from 1002 for the piece 585.
11:22:42: Peer 1001 received the 'have' message from 1002 for the piece 343.
11:22:42: Peer 1001 received the 'have' message from 1002 for the piece 1132.
11:22:42: Peer 1001 received the 'have' message from 1002 for the piece 1452.
11:22:42: Peer 1001 received the 'have' message from 1002 for the piece 996.
11:22:42: Peer 1001 received the 'have' message from 1002 for the piece 762.
11:22:42: Peer 1001 received the 'have' message from 1002 for the piece 430.
11:22:42: Peer 1001 received the 'have' message from 1002 for the piece 1309.
11:22:42: Peer 1001 received the 'have' message from 1002 for the piece 1022.
11:22:42: Peer 1001 received the 'have' message from 1002 for the piece 997.
11:22:42: Peer 1001 received the 'have' message from 1002 for the piece 502.
11:22:42: Peer 1001 received the 'have' message from 1002 for the piece 546.
11:22:42: Peer 1001 received the 'have' message from 1002 for the piece 1243.
11:22:42: Peer 1001 received the 'have' message from 1002 for the piece 1437.
11:22:42: Peer 1001 received the 'have' message from 1002 for the piece 898.
11:22:42: Peer 1001 received the 'have' message from 1002 for the piece 389.
11:22:42: Peer 1001 received the 'have' message from 1002 for the piece 84.
11:22:42: Peer 1001 received the 'have' message from 1002 for the piece 465.
11:22:42: Peer 1001 received the 'have' message from 1002 for the piece 467.
11:22:42: Peer 1001 received the 'have' message from 1002 for the piece 219.
11:22:42: Peer 1001 received the 'have' message from 1002 for the piece 529.
11:22:42: Peer 1001 received the 'have' message from 1002 for the piece 984.
11:22:42: Peer 1001 received the 'have' message from 1002 for the piece 572.
11:22:42: Peer 1001 received the 'have' message from 1002 for the piece 860.
11:22:42: Peer 1001 received the 'have' message from 1002 for the piece 757.
11:22:42: Peer 1001 received the 'have' message from 1002 for the piece 358.
11:22:42: Peer 1001 received the 'have' message from 1002 for the piece 874.
11:22:42: Peer 1001 received the 'have' message from 1002 for the piece 486.
11:22:42: Peer 1001 received the 'have' message from 1002 for the piece 923.
11:22:42: Peer 1001 received the 'have' message from 1002 for the piece 293.
11:22:42: Peer 1001 received the 'have' message from 1002 for the piece 179.
11:22:42: Peer 1001 received the 'have' message from 1002 for the piece 375.
11:22:42: Peer 1001 received the 'have' message from 1002 for the piece 1082.
11:22:42: Peer 1001 received the 'have' message from 1002 for the piece 835.
11:22:42: Peer 1001 received the 'have' message from 1002 for the piece 1307.
11:22:42: Peer 1001 received the 'have' message from 1002 for the piece 1026.
11:22:42: Peer 1001 received the 'have' message from 1002 for the piece 91.
11:22:42: Peer 1001 received the 'have' message from 1002 for the piece 922.
11:22:42: Peer 1001 received the 'have' message from 1002 for the piece 323.
11:22:42: Peer 1001 received the 'have' message from 1002 for the piece 960.
11:22:42: Peer 1001 received the 'have' message from 1002 for the piece 1250.
11:22:42: Peer 1001 received the 'have' message from 1002 for the piece 955.
11:22:42: Peer 1001 received the 'have' message from 1002 for the piece 930.
11:22:42: Peer 1001 received the 'have' message from 1002 for the piece 399.
11:22:42: Peer 1001 received the 'have' message from 1002 for the piece 692.
11:22:42: Peer 1001 received the 'have' message from 1002 for the piece 890.
11:22:42: Peer 1001 received the 'have' message from 1002 for the piece 1211.
11:22:42: Peer 1001 received the 'have' message from 1002 for the piece 913.
11:22:42: Peer 1001 received the 'have' message from 1002 for the piece 805.
11:22:42: Peer 1001 received the 'have' message from 1002 for the piece 113.
11:22:42: Peer 1001 received the 'have' message from 1002 for the piece 29.
11:22:42: Peer 1001 received the 'have' message from 1002 for the piece 230.
11:22:42: Peer 1001 received the 'have' message from 1002 for the piece 1193.
11:22:42: Peer 1001 received the 'have' message from 1002 for the piece 8.
11:22:42: Peer 1001 received the 'have' message from 1002 for the piece 962.
11:22:42: Peer 1001 received the 'have' message from 1002 for the piece 124.
11:22:42: Peer 1001 received the 'have' message from 1002 for the piece 784.
11:22:42: Peer 1001 received the 'have' message from 1002 for the piece 524.
11:22:42: Peer 1001 received the 'have' message from 1002 for the piece 266.
11:22:42: Peer 1001 received the 'have' message from 1002 for the piece 1282.
11:22:42: Peer 1001 received the 'have' message from 1002 for the piece 974.
11:22:42: Peer 1001 received the 'have' message from 1002 for the piece 490.
11:22:42: Peer 1001 received the 'have' message from 1002 for the piece 1081.
11:22:42: Peer 1001 received the 'have' message from 1002 for the piece 383.
11:22:42: Peer 1001 received the 'have' message from 1002 for the piece 1337.
11:22:42: Peer 1001 received the 'have' message from 1002 for the piece 1325.
11:22:42: Peer 1001 received the 'have' message from 1002 for the piece 401.
11:22:42: Peer 1001 received the 'have' message from 1002 for the piece 357.
11:22:42: Peer 1001 received the 'have' message from 1002 for the piece 1018.
11:22:42: Peer 1001 received the 'have' message from 1002 for the piece 434.
11:22:42: Peer 1001 received the 'have' message from 1002 for the piece 888.
11:22:42: Peer 1001 received the 'have' message from 1002 for the piece 887.
11:22:42: Peer 1001 received the 'have' message from 1002 for the piece 623.
11:22:42: Peer 1001 received the 'have' message from 1002 for the piece 822.
11:22:42: Peer 1001 received the 'have' message from 1002 for the piece 1129.
11:22:42: Peer 1001 received the 'have' message from 1002 for the piece 807.
11:22:42: Peer 1001 received the 'have' message from 1002 for the piece 111.
11:22:42: Peer 1001 received the 'have' message from 1002 for the piece 1248.
11:22:42: Peer 1001 received the 'have' message from 1002 for the piece 1080.
11:22:42: Peer 1001 received the 'have' message from 1002 for the piece 1384.
11:22:42: Peer 1001 received the 'have' message from 1002 for the piece 46.
11:22:42: Peer 1001 received the 'have' message from 1002 for the piece 72.
11:22:42: Peer 1001 received the 'have' message from 1002 for the piece 1178.
11:22:42: Peer 1001 received the 'have' message from 1002 for the piece 449.
11:22:42: Peer 1001 received the 'have' message from 1002 for the piece 1407.
11:22:42: Peer 1001 received the 'have' message from 1002 for the piece 764.
11:22:42: Peer 1001 received the 'have' message from 1002 for the piece 1453.
11:22:42: Peer 1001 received the 'have' message from 1002 for the piece 360.
11:22:42: Peer 1001 received the 'have' message from 1002 for the piece 1396.
11:22:42: Peer 1001 received the 'have' message from 1002 for the piece 1161.
11:22:42: Peer 1001 received the 'have' message from 1002 for the piece 1118.
11:22:42: Peer 1001 received the 'have' message from 1002 for the piece 1203.
11:22:42: Peer 1001 received the 'have' message from 1002 for the piece 985.
11:22:42: Peer 1001 received the 'have' message from 1002 for the piece 1332.
11:22:42: Peer 1001 received the 'have' message from 1002 for the piece 400.
11:22:42: Peer 1001 received the 'have' message from 1002 for the piece 1246.
11:22:42: Peer 1001 received the 'have' message from 1002 for the piece 902.
11:22:42: Peer 1001 received the 'have' message from 1002 for the piece 720.
11:22:42: Peer 1001 received the 'have' message from 1002 for the piece 684.
11:22:42: Peer 1001 received the 'have' message from 1002 for the piece 1052.
11:22:42: Peer 1001 received the 'have' message from 1002 for the piece 1065.
11:22:42: Peer 1001 received the 'have' message from 1002 for the piece 421.
11:22:42: Peer 1001 received the 'have' message from 1002 for the piece 729.
11:22:42: Peer 1001 received the 'have' message from 1002 for the piece 1432.
11:22:42: Peer 1001 received the 'have' message from 1002 for the piece 786.
11:22:42: Peer 1001 received the 'have' message from 1002 for the piece 335.
11:22:42: Peer 1001 received the 'have' message from 1002 for the piece 155.
11:22:42: Peer 1001 received the 'have' message from 1002 for the piece 961.
11:22:42: Peer 1001 received the 'have' message from 1002 for the piece 1204.
11:22:42: Peer 1001 received the 'have' message from 1002 for the piece 1284.
11:22:42: Peer 1001 received the 'have' message from 1002 for the piece 1192.
11:22:42: Peer 1001 received the 'have' message from 1002 for the piece 929.
11:22:42: Peer 1001 received the 'have' message from 1002 for the piece 657.
11:22:42: Peer 1001 received the 'have' message from 1002 for the piece 654.
11:22:42: Peer 1001 received the 'have' message from 1002 for the piece 438.
11:22:42: Peer 1001 received the 'have' message from 1002 for the piece 103.
11:22:42: Peer 1001 received the 'have' message from 1002 for the piece 257.
11:22:42: Peer 1001 received the 'have' message from 1002 for the piece 751.
11:22:42: Peer 1001 received the 'have' message from 1002 for the piece 307.
11:22:42: Peer 1001 received the 'have' message from 1002 for the piece 169.
11:22:42: Peer 1001 received the 'have' message from 1002 for the piece 785.
11:22:42: Peer 1001 received the 'have' message from 1002 for the piece 1377.
11:22:42: Peer 1001 received the 'have' message from 1002 for the piece 779.
11:22:42: Peer 1001 received the 'have' message from 1002 for the piece 993.
11:22:42: Peer 1001 received the 'have' message from 1002 for the piece 1136.
11:22:42: Peer 1001 received the 'have' message from 1002 for the piece 918.
11:22:42: Peer 1001 received the 'have' message from 1002 for the piece 213.
11:22:42: Peer 1001 received the 'have' message from 1002 for the piece 1104.
11:22:42: Peer 1001 received the 'have' message from 1002 for the piece 1472.
11:22:42: Peer 1001 received the 'have' message from 1002 for the piece 1015.
11:22:42: Peer 1001 received the 'have' message from 1002 for the piece 1412.
11:22:42: Peer 1001 received the 'have' message from 1002 for the piece 514.
11:22:42: Peer 1001 received the 'have' message from 1002 for the piece 809.
11:22:42: Peer 1001 received the 'have' message from 1002 for the piece 907.
11:22:42: Peer 1001 received the 'have' message from 1002 for the piece 476.
11:22:42: Peer 1001 received the 'have' message from 1002 for the piece 1279.
11:22:42: Peer 1001 received the 'have' message from 1002 for the piece 119.
11:22:42: Peer 1001 received the 'have' message from 1002 for the piece 1037.
11:22:42: Peer 1001 received the 'have' message from 1002 for the piece 1370.
11:22:42: Peer 1001 received the 'have' message from 1002 for the piece 1439.
11:22:42: Peer 1001 received the 'have' message from 1002 for the piece 77.
11:22:42: Peer 1001 received the 'have' message from 1002 for the piece 165.
11:22:42: Peer 1001 received the 'have' message from 1002 for the piece 1336.
11:22:42: Peer 1001 received the 'have' message from 1002 for the piece 1143.
11:22:42: Peer 1001 received the 'have' message from 1002 for the piece 677.
11:22:42: Peer 1001 received the 'have' message from 1002 for the piece 258.
11:22:42: Peer 1001 received the 'have' message from 1002 for the piece 843.
11:22:43: Peer 1001 received the 'have' message from 1002 for the piece 6.
11:22:43: Peer 1001 received the 'have' message from 1002 for the piece 85.
11:22:43: Peer 1001 received the 'have' message from 1002 for the piece 1194.
11:22:43: Peer 1001 received the 'have' message from 1002 for the piece 589.
11:22:43: Peer 1001 received the 'have' message from 1002 for the piece 870.
11:22:43: Peer 1001 received the 'have' message from 1002 for the piece 595.
11:22:43: Peer 1001 received the 'have' message from 1002 for the piece 412.
11:22:43: Peer 1001 received the 'have' message from 1002 for the piece 145.
11:22:43: Peer 1001 received the 'have' message from 1002 for the piece 541.
11:22:43: Peer 1001 received the 'have' message from 1002 for the piece 473.
11:22:43: Peer 1001 received the 'have' message from 1002 for the piece 980.
11:22:43: Peer 1001 received the 'have' message from 1002 for the piece 873.
11:22:43: Peer 1001 received the 'have' message from 1002 for the piece 253.
11:22:43: Peer 1001 received the 'have' message from 1002 for the piece 144.
11:22:43: Peer 1001 received the 'have' message from 1002 for the piece 859.
11:22:43: Peer 1001 received the 'have' message from 1002 for the piece 816.
11:22:43: Peer 1001 received the 'have' message from 1002 for the piece 1182.
11:22:43: Peer 1001 received the 'have' message from 1002 for the piece 324.
11:22:43: Peer 1001 received the 'have' message from 1002 for the piece 1299.
11:22:43: Peer 1001 received the 'have' message from 1002 for the piece 1100.
11:22:43: Peer 1001 received the 'have' message from 1002 for the piece 1174.
11:22:43: Peer 1001 received the 'have' message from 1002 for the piece 1390.
11:22:43: Peer 1001 received the 'have' message from 1002 for the piece 617.
11:22:43: Peer 1001 received the 'have' message from 1002 for the piece 186.
11:22:43: Peer 1001 received the 'have' message from 1002 for the piece 50.
11:22:43: Peer 1001 received the 'have' message from 1002 for the piece 604.
11:22:43: Peer 1001 received the 'have' message from 1002 for the piece 110.
11:22:43: Peer 1001 received the 'have' message from 1002 for the piece 603.
11:22:43: Peer 1001 received the 'have' message from 1002 for the piece 492.
11:22:43: Peer 1001 received the 'have' message from 1002 for the piece 560.
11:22:43: Peer 1001 received the 'have' message from 1002 for the piece 948.
11:22:43: Peer 1001 received the 'have' message from 1002 for the piece 910.
11:22:43: Peer 1001 received the 'have' message from 1002 for the piece 254.
11:22:43: Peer 1001 received the 'have' message from 1002 for the piece 1078.
11:22:43: Peer 1001 received the 'have' message from 1002 for the piece 853.
11:22:43: Peer 1001 received the 'have' message from 1002 for the piece 1460.
11:22:43: Peer 1001 received the 'have' message from 1002 for the piece 970.
11:22:43: Peer 1001 received the 'have' message from 1002 for the piece 129.
11:22:43: Peer 1001 received the 'have' message from 1002 for the piece 599.
11:22:43: Peer 1001 received the 'have' message from 1002 for the piece 58.
11:22:43: Peer 1001 received the 'have' message from 1002 for the piece 542.
11:22:43: Peer 1001 received the 'have' message from 1002 for the piece 108.
11:22:43: Peer 1001 received the 'have' message from 1002 for the piece 1276.
11:22:43: Peer 1001 received the 'have' message from 1002 for the piece 233.
11:22:43: Peer 1001 received the 'have' message from 1002 for the piece 653.
11:22:43: Peer 1001 received the 'have' message from 1002 for the piece 820.
11:22:43: Peer 1001 received the 'have' message from 1002 for the piece 563.
11:22:43: Peer 1001 received the 'have' message from 1002 for the piece 62.
11:22:43: Peer 1001 received the 'have' message from 1002 for the piece 1146.
11:22:43: Peer 1001 received the 'have' message from 1002 for the piece 983.
11:22:43: Peer 1001 received the 'have' message from 1002 for the piece 52.
11:22:43: Peer 1001 received the 'have' message from 1002 for the piece 484.
11:22:43: Peer 1001 received the 'have' message from 1002 for the piece 1148.
11:22:43: Peer 1001 received the 'have' message from 1002 for the piece 824.
11:22:43: Peer 1001 received the 'have' message from 1002 for the piece 391.
11:22:43: Peer 1001 received the 'have' message from 1002 for the piece 1410.
11:22:43: Peer 1001 received the 'have' message from 1002 for the piece 897.
11:22:43: Peer 1001 received the 'have' message from 1002 for the piece 745.
11:22:43: Peer 1001 received the 'have' message from 1002 for the piece 679.
11:22:43: Peer 1001 received the 'have' message from 1002 for the piece 676.
11:22:43: Peer 1001 received the 'have' message from 1002 for the piece 200.
11:22:43: Peer 1001 received the 'have' message from 1002 for the piece 458.
11:22:43: Peer 1001 received the 'have' message from 1002 for the piece 5.
11:22:43: Peer 1001 received the 'have' message from 1002 for the piece 270.
11:22:43: Peer 1001 received the 'have' message from 1002 for the piece 121.
11:22:43: Peer 1001 received the 'have' message from 1002 for the piece 884.
11:22:43: Peer 1001 received the 'have' message from 1002 for the piece 1376.
11:22:43: Peer 1001 received the 'have' message from 1002 for the piece 396.
11:22:43: Peer 1001 received the 'have' message from 1002 for the piece 469.
11:22:43: Peer 1001 received the 'have' message from 1002 for the piece 1156.
11:22:43: Peer 1001 received the 'have' message from 1002 for the piece 612.
11:22:43: Peer 1001 received the 'have' message from 1002 for the piece 967.
11:22:43: Peer 1001 received the 'have' message from 1002 for the piece 879.
11:22:43: Peer 1001 received the 'have' message from 1002 for the piece 1125.
11:22:43: Peer 1001 received the 'have' message from 1002 for the piece 290.
11:22:43: Peer 1001 received the 'have' message from 1002 for the piece 672.
11:22:43: Peer 1001 received the 'have' message from 1002 for the piece 332.
11:22:43: Peer 1001 received the 'have' message from 1002 for the piece 295.
11:22:43: Peer 1001 received the 'have' message from 1002 for the piece 282.
11:22:43: Peer 1001 received the 'have' message from 1002 for the piece 1347.
11:22:43: Peer 1001 received the 'have' message from 1002 for the piece 499.
11:22:43: Peer 1001 received the 'have' message from 1002 for the piece 833.
11:22:43: Peer 1001 received the 'have' message from 1002 for the piece 687.
11:22:43: Peer 1001 received the 'have' message from 1002 for the piece 2.
11:22:43: Peer 1001 received the 'have' message from 1002 for the piece 1459.
11:22:43: Peer 1001 received the 'have' message from 1002 for the piece 561.
11:22:43: Peer 1001 received the 'have' message from 1002 for the piece 1206.
11:22:43: Peer 1001 received the 'have' message from 1002 for the piece 1350.
11:22:43: Peer 1001 received the 'have' message from 1002 for the piece 925.
11:22:43: Peer 1001 received the 'have' message from 1002 for the piece 180.
11:22:43: Peer 1001 received the 'have' message from 1002 for the piece 1333.
11:22:43: Peer 1001 received the 'have' message from 1002 for the piece 1003.
11:22:43: Peer 1001 received the 'have' message from 1002 for the piece 557.
11:22:43: Peer 1001 received the 'have' message from 1002 for the piece 927.
11:22:43: Peer 1001 received the 'have' message from 1002 for the piece 1120.
11:22:43: Peer 1001 received the 'have' message from 1002 for the piece 633.
11:22:43: Peer 1001 received the 'have' message from 1002 for the piece 991.
11:22:43: Peer 1001 received the 'have' message from 1002 for the piece 65.
11:22:43: Peer 1001 received the 'have' message from 1002 for the piece 1288.
11:22:43: Peer 1001 received the 'have' message from 1002 for the piece 780.
11:22:43: Peer 1001 received the 'have' message from 1002 for the piece 1117.
11:22:43: Peer 1001 received the 'have' message from 1002 for the piece 381.
11:22:43: Peer 1001 received the 'have' message from 1002 for the piece 1468.
11:22:43: Peer 1001 received the 'have' message from 1002 for the piece 48.
11:22:43: Peer 1001 received the 'have' message from 1002 for the piece 875.
11:22:43: Peer 1001 received the 'have' message from 1002 for the piece 312.
11:22:43: Peer 1001 received the 'have' message from 1002 for the piece 277.
11:22:43: Peer 1001 received the 'have' message from 1002 for the piece 938.
11:22:43: Peer 1001 received the 'have' message from 1002 for the piece 362.
11:22:43: Peer 1001 received the 'have' message from 1002 for the piece 650.
11:22:43: Peer 1001 received the 'have' message from 1002 for the piece 964.
11:22:43: Peer 1001 received the 'have' message from 1002 for the piece 1281.
11:22:43: Peer 1001 received the 'have' message from 1002 for the piece 363.
11:22:43: Peer 1001 received the 'have' message from 1002 for the piece 161.
11:22:43: Peer 1001 received the 'have' message from 1002 for the piece 1268.
11:22:43: Peer 1001 received the 'have' message from 1002 for the piece 371.
11:22:43: Peer 1001 received the 'have' message from 1002 for the piece 276.
11:22:43: Peer 1001 received the 'have' message from 1002 for the piece 868.
11:22:43: Peer 1001 received the 'have' message from 1002 for the piece 1411.
11:22:43: Peer 1001 received the 'have' message from 1002 for the piece 1455.
11:22:43: Peer 1001 received the 'have' message from 1002 for the piece 697.
11:22:43: Peer 1001 received the 'have' message from 1002 for the piece 419.
11:22:43: Peer 1001 received the 'have' message from 1002 for the piece 826.
11:22:43: Peer 1001 received the 'have' message from 1002 for the piece 163.
11:22:43: Peer 1001 received the 'have' message from 1002 for the piece 1450.
11:22:43: Peer 1001 received the 'have' message from 1002 for the piece 774.
11:22:43: Peer 1001 received the 'have' message from 1002 for the piece 691.
11:22:43: Peer 1001 received the 'have' message from 1002 for the piece 56.
11:22:43: Peer 1001 received the 'have' message from 1002 for the piece 151.
11:22:43: Peer 1001 received the 'have' message from 1002 for the piece 1076.
11:22:43: Peer 1001 received the 'have' message from 1002 for the piece 464.
11:22:43: Peer 1001 received the 'have' message from 1002 for the piece 1434.
11:22:43: Peer 1001 received the 'have' message from 1002 for the piece 789.
11:22:43: Peer 1001 received the 'have' message from 1002 for the piece 995.
11:22:43: Peer 1001 received the 'have' message from 1002 for the piece 146.
11:22:43: Peer 1001 received the 'have' message from 1002 for the piece 643.
11:22:43: Peer 1001 received the 'have' message from 1002 for the piece 1055.
11:22:43: Peer 1001 received the 'have' message from 1002 for the piece 1177.
11:22:43: Peer 1001 received the 'have' message from 1002 for the piece 1162.
11:22:43: Peer 1001 received the 'have' message from 1002 for the piece 281.
11:22:43: Peer 1001 received the 'have' message from 1002 for the piece 472.
11:22:43: Peer 1001 received the 'have' message from 1002 for the piece 94.
11:22:43: Peer 1001 received the 'have' message from 1002 for the piece 1323.
11:22:43: Peer 1001 received the 'have' message from 1002 for the piece 1209.
11:22:43: Peer 1001 received the 'have' message from 1002 for the piece 1433.
11:22:43: Peer 1001 received the 'have' message from 1002 for the piece 205.
11:22:43: Peer 1001 received the 'have' message from 1002 for the piece 1409.
11:22:43: Peer 1001 received the 'have' message from 1002 for the piece 1292.
11:22:43: Peer 1001 received the 'have' message from 1002 for the piece 1164.
11:22:43: Peer 1001 received the 'have' message from 1002 for the piece 777.
11:22:43: Peer 1001 received the 'have' message from 1002 for the piece 702.
11:22:43: Peer 1001 received the 'have' message from 1002 for the piece 1470.
11:22:43: Peer 1001 received the 'have' message from 1002 for the piece 975.
11:22:43: Peer 1001 received the 'have' message from 1002 for the piece 1280.
11:22:43: Peer 1001 received the 'have' message from 1002 for the piece 114.
11:22:43: Peer 1001 received the 'have' message from 1002 for the piece 1324.
11:22:43: Peer 1001 received the 'have' message from 1002 for the piece 414.
11:22:43: Peer 1001 received the 'have' message from 1002 for the piece 55.
11:22:43: Peer 1001 received the 'have' message from 1002 for the piece 861.
11:22:43: Peer 1001 received the 'have' message from 1002 for the piece 640.
11:22:43: Peer 1001 received the 'have' message from 1002 for the piece 1016.
11:22:43: Peer 1001 received the 'have' message from 1002 for the piece 845.
11:22:43: Peer 1001 received the 'have' message from 1002 for the piece 936.
11:22:43: Peer 1001 received the 'have' message from 1002 for the piece 615.
11:22:43: Peer 1001 received the 'have' message from 1002 for the piece 1030.
11:22:43: Peer 1001 received the 'have' message from 1002 for the piece 1398.
11:22:43: Peer 1001 received the 'have' message from 1002 for the piece 327.
11:22:43: Peer 1001 received the 'have' message from 1002 for the piece 30.
11:22:43: Peer 1001 received the 'have' message from 1002 for the piece 674.
11:22:43: Peer 1001 received the 'have' message from 1002 for the piece 1126.
11:22:43: Peer 1001 received the 'have' message from 1002 for the piece 554.
11:22:43: Peer 1001 received the 'have' message from 1002 for the piece 660.
11:22:43: Peer 1001 received the 'have' message from 1002 for the piece 852.
11:22:43: Peer 1001 received the 'have' message from 1002 for the piece 831.
11:22:43: Peer 1001 received the 'have' message from 1002 for the piece 889.
11:22:43: Peer 1001 received the 'have' message from 1002 for the piece 899.
11:22:43: Peer 1001 received the 'have' message from 1002 for the piece 1093.
11:22:43: Peer 1001 received the 'have' message from 1002 for the piece 198.
11:22:43: Peer 1001 received the 'have' message from 1002 for the piece 1423.
11:22:43: Peer 1001 received the 'have' message from 1002 for the piece 189.
11:22:43: Peer 1001 received the 'have' message from 1002 for the piece 1314.
11:22:43: Peer 1001 received the 'have' message from 1002 for the piece 93.
11:22:43: Peer 1001 received the 'have' message from 1002 for the piece 1441.
11:22:43: Peer 1001 received the 'have' message from 1002 for the piece 1072.
11:22:43: Peer 1001 received the 'have' message from 1002 for the piece 1102.
11:22:43: Peer 1001 received the 'have' message from 1002 for the piece 54.
11:22:43: Peer 1001 received the 'have' message from 1002 for the piece 536.
11:22:43: Peer 1001 received the 'have' message from 1002 for the piece 147.
11:22:43: Peer 1001 received the 'have' message from 1002 for the piece 627.
11:22:43: Peer 1001 received the 'have' message from 1002 for the piece 126.
11:22:43: Peer 1001 received the 'have' message from 1002 for the piece 162.
11:22:43: Peer 1001 received the 'have' message from 1002 for the piece 808.
11:22:43: Peer 1001 received the 'have' message from 1002 for the piece 495.
11:22:43: Peer 1001 received the 'have' message from 1002 for the piece 308.
11:22:43: Peer 1001 received the 'have' message from 1002 for the piece 838.
11:22:43: Peer 1001 received the 'have' message from 1002 for the piece 47.
11:22:43: Peer 1001 received the 'have' message from 1002 for the piece 426.
11:22:43: Peer 1001 received the 'have' message from 1002 for the piece 577.
11:22:43: Peer 1001 received the 'have' message from 1002 for the piece 1092.
11:22:43: Peer 1001 received the 'have' message from 1002 for the piece 932.
11:22:43: Peer 1001 received the 'have' message from 1002 for the piece 345.
11:22:43: Peer 1001 received the 'have' message from 1002 for the piece 1326.
11:22:43: Peer 1001 received the 'have' message from 1002 for the piece 1241.
11:22:43: Peer 1001 received the 'have' message from 1002 for the piece 517.
11:22:43: Peer 1001 received the 'have' message from 1002 for the piece 1286.
11:22:43: Peer 1001 received the 'have' message from 1002 for the piece 450.
11:22:43: Peer 1001 received the 'have' message from 1002 for the piece 1189.
11:22:43: Peer 1001 received the 'have' message from 1002 for the piece 314.
11:22:43: Peer 1001 received the 'have' message from 1002 for the piece 904.
11:22:43: Peer 1001 received the 'have' message from 1002 for the piece 846.
11:22:43: Peer 1001 received the 'have' message from 1002 for the piece 1458.
11:22:43: Peer 1001 received the 'have' message from 1002 for the piece 1039.
11:22:43: Peer 1001 received the 'have' message from 1002 for the piece 1399.
11:22:43: Peer 1001 received the 'have' message from 1002 for the piece 1482.
11:22:43: Peer 1001 received the 'have' message from 1002 for the piece 1247.
11:22:43: Peer 1001 received the 'have' message from 1002 for the piece 540.
11:22:43: Peer 1001 received the 'have' message from 1002 for the piece 1271.
11:22:43: Peer 1001 received the 'have' message from 1002 for the piece 395.
11:22:43: Peer 1001 received the 'have' message from 1002 for the piece 886.
11:22:43: Peer 1001 received the 'have' message from 1002 for the piece 53.
11:22:43: Peer 1001 received the 'have' message from 1002 for the piece 440.
11:22:43: Peer 1001 received the 'have' message from 1002 for the piece 931.
11:22:43: Peer 1001 received the 'have' message from 1002 for the piece 32.
11:22:43: Peer 1001 received the 'have' message from 1002 for the piece 688.
11:22:43: Peer 1001 received the 'have' message from 1002 for the piece 220.
11:22:43: Peer 1001 received the 'have' message from 1002 for the piece 36.
11:22:43: Peer 1001 received the 'have' message from 1002 for the piece 953.
11:22:43: Peer 1001 received the 'have' message from 1002 for the piece 280.
11:22:43: Peer 1001 received the 'have' message from 1002 for the piece 340.
11:22:43: Peer 1001 received the 'have' message from 1002 for the piece 618.
11:22:43: Peer 1001 received the 'have' message from 1002 for the piece 441.
11:22:43: Peer 1001 received the 'have' message from 1002 for the piece 255.
11:22:43: Peer 1001 received the 'have' message from 1002 for the piece 250.
11:22:43: Peer 1001 received the 'have' message from 1002 for the piece 447.
11:22:43: Peer 1001 received the 'have' message from 1002 for the piece 581.
11:22:43: Peer 1001 received the 'have' message from 1002 for the piece 100.
11:22:43: Peer 1001 received the 'have' message from 1002 for the piece 139.
11:22:43: Peer 1001 received the 'have' message from 1002 for the piece 573.
11:22:43: Peer 1001 received the 'have' message from 1002 for the piece 1297.
11:22:43: Peer 1001 received the 'have' message from 1002 for the piece 443.
11:22:43: Peer 1001 received the 'have' message from 1002 for the piece 115.
11:22:43: Peer 1001 received the 'have' message from 1002 for the piece 1147.
11:22:43: Peer 1001 received the 'have' message from 1002 for the piece 1089.
11:22:43: Peer 1001 received the 'have' message from 1002 for the piece 866.
11:22:43: Peer 1001 received the 'have' message from 1002 for the piece 138.
11:22:43: Peer 1001 received the 'have' message from 1002 for the piece 1367.
11:22:43: Peer 1001 received the 'have' message from 1002 for the piece 152.
11:22:43: Peer 1001 received the 'have' message from 1002 for the piece 301.
11:22:43: Peer 1001 received the 'have' message from 1002 for the piece 60.
11:22:43: Peer 1001 received the 'have' message from 1002 for the piece 1124.
11:22:43: Peer 1001 received the 'have' message from 1002 for the piece 686.
11:22:43: Peer 1001 received the 'have' message from 1002 for the piece 131.
11:22:43: Peer 1001 received the 'have' message from 1002 for the piece 1381.
11:22:43: Peer 1001 received the 'have' message from 1002 for the piece 1207.
11:22:43: Peer 1001 received the 'have' message from 1002 for the piece 537.
11:22:43: Peer 1001 received the 'have' message from 1002 for the piece 377.
11:22:43: Peer 1001 received the 'have' message from 1002 for the piece 320.
11:22:43: Peer 1001 received the 'have' message from 1002 for the piece 531.
11:22:43: Peer 1001 received the 'have' message from 1002 for the piece 707.
11:22:43: Peer 1001 received the 'have' message from 1002 for the piece 231.
11:22:43: Peer 1001 received the 'have' message from 1002 for the piece 1369.
11:22:43: Peer 1001 received the 'have' message from 1002 for the piece 34.
11:22:43: Peer 1001 received the 'have' message from 1002 for the piece 263.
11:22:43: Peer 1001 received the 'have' message from 1002 for the piece 1090.
11:22:43: Peer 1001 received the 'have' message from 1002 for the piece 136.
11:22:43: Peer 1001 received the 'have' message from 1002 for the piece 644.
11:22:43: Peer 1001 received the 'have' message from 1002 for the piece 1425.
11:22:43: Peer 1001 received the 'have' message from 1002 for the piece 109.
11:22:43: Peer 1001 received the 'have' message from 1002 for the piece 1062.
11:22:43: Peer 1001 received the 'have' message from 1002 for the piece 1345.
11:22:43: Peer 1001 received the 'have' message from 1002 for the piece 667.
11:22:43: Peer 1001 received the 'have' message from 1002 for the piece 380.
11:22:43: Peer 1001 received the 'have' message from 1002 for the piece 1351.
11:22:43: Peer 1001 received the 'have' message from 1002 for the piece 153.
11:22:43: Peer 1001 received the 'have' message from 1002 for the piece 1014.
11:22:43: Peer 1001 received the 'have' message from 1002 for the piece 1191.
11:22:43: Peer 1001 received the 'have' message from 1002 for the piece 164.
11:22:43: Peer 1001 received the 'have' message from 1002 for the piece 61.
11:22:43: Peer 1001 received the 'have' message from 1002 for the piece 520.
11:22:43: Peer 1001 received the 'have' message from 1002 for the piece 1400.
11:22:43: Peer 1001 received the 'have' message from 1002 for the piece 1362.
11:22:43: Peer 1001 received the 'have' message from 1002 for the piece 1467.
11:22:43: Peer 1001 received the 'have' message from 1002 for the piece 0.
11:22:43: Peer 1001 received the 'have' message from 1002 for the piece 1388.
11:22:43: Peer 1001 received the 'have' message from 1002 for the piece 130.
11:22:43: Peer 1001 received the 'have' message from 1002 for the piece 639.
11:22:43: Peer 1001 received the 'have' message from 1002 for the piece 12.
11:22:43: Peer 1001 received the 'have' message from 1002 for the piece 711.
11:22:43: Peer 1001 received the 'have' message from 1002 for the piece 1298.
11:22:43: Peer 1001 received the 'have' message from 1002 for the piece 1273.
11:22:43: Peer 1001 received the 'have' message from 1002 for the piece 59.
11:22:43: Peer 1001 received the 'have' message from 1002 for the piece 798.
11:22:43: Peer 1001 received the 'have' message from 1002 for the piece 494.
11:22:43: Peer 1001 received the 'have' message from 1002 for the piece 1403.
11:22:43: Peer 1001 received the 'have' message from 1002 for the piece 1057.
11:22:43: Peer 1001 received the 'have' message from 1002 for the piece 673.
11:22:43: Peer 1001 received the 'have' message from 1002 for the piece 1457.
11:22:43: Peer 1001 received the 'have' message from 1002 for the piece 1094.
11:22:43: Peer 1001 received the 'have' message from 1002 for the piece 331.
11:22:43: Peer 1001 received the 'have' message from 1002 for the piece 813.
11:22:43: Peer 1001 received the 'have' message from 1002 for the piece 235.
11:22:43: Peer 1001 received the 'have' message from 1002 for the piece 532.
11:22:43: Peer 1001 received the 'have' message from 1002 for the piece 407.
11:22:43: Peer 1001 received the 'have' message from 1002 for the piece 141.
11:22:43: Peer 1001 received the 'have' message from 1002 for the piece 919.
11:22:43: Peer 1001 received the 'have' message from 1002 for the piece 271.
11:22:43: Peer 1001 received the 'have' message from 1002 for the piece 1249.
11:22:43: Peer 1001 received the 'have' message from 1002 for the piece 725.
11:22:43: Peer 1001 received the 'have' message from 1002 for the piece 1252.
11:22:43: Peer 1001 received the 'have' message from 1002 for the piece 743.
11:22:43: Peer 1001 received the 'have' message from 1002 for the piece 682.
11:22:43: Peer 1001 received the 'have' message from 1002 for the piece 710.
11:22:43: Peer 1001 received the 'have' message from 1002 for the piece 68.
11:22:43: Peer 1001 received the 'have' message from 1002 for the piece 1185.
11:22:43: Peer 1001 received the 'have' message from 1002 for the piece 309.
11:22:43: Peer 1001 received the 'have' message from 1002 for the piece 841.
11:22:43: Peer 1001 received the 'have' message from 1002 for the piece 1352.
11:22:43: Peer 1001 received the 'have' message from 1002 for the piece 1448.
11:22:43: Peer 1001 received the 'have' message from 1002 for the piece 915.
11:22:43: Peer 1001 received the 'have' message from 1002 for the piece 1215.
11:22:43: Peer 1001 received the 'have' message from 1002 for the piece 1017.
11:22:43: Peer 1001 received the 'have' message from 1002 for the piece 1304.
11:22:43: Peer 1001 received the 'have' message from 1002 for the piece 658.
11:22:43: Peer 1001 received the 'have' message from 1002 for the piece 1446.
11:22:43: Peer 1001 received the 'have' message from 1002 for the piece 593.
11:22:43: Peer 1001 received the 'have' message from 1002 for the piece 453.
11:22:43: Peer 1001 received the 'have' message from 1002 for the piece 681.
11:22:43: Peer 1001 received the 'have' message from 1002 for the piece 316.
11:22:43: Peer 1001 received the 'have' message from 1002 for the piece 956.
11:22:43: Peer 1001 received the 'have' message from 1002 for the piece 1150.
11:22:43: Peer 1001 received the 'have' message from 1002 for the piece 1293.
11:22:43: Peer 1001 received the 'have' message from 1002 for the piece 446.
11:22:43: Peer 1001 received the 'have' message from 1002 for the piece 95.
11:22:43: Peer 1001 received the 'have' message from 1002 for the piece 1253.
11:22:43: Peer 1001 received the 'have' message from 1002 for the piece 675.
11:22:43: Peer 1001 received the 'have' message from 1002 for the piece 1008.
11:22:43: Peer 1001 received the 'have' message from 1002 for the piece 75.
11:22:43: Peer 1001 received the 'have' message from 1002 for the piece 921.
11:22:43: Peer 1001 received the 'have' message from 1002 for the piece 912.
11:22:43: Peer 1001 received the 'have' message from 1002 for the piece 564.
11:22:43: Peer 1001 received the 'have' message from 1002 for the piece 854.
11:22:43: Peer 1001 received the 'have' message from 1002 for the piece 1382.
11:22:43: Peer 1001 received the 'have' message from 1002 for the piece 513.
11:22:43: Peer 1001 received the 'have' message from 1002 for the piece 862.
11:22:43: Peer 1001 received the 'have' message from 1002 for the piece 946.
11:22:43: Peer 1001 received the 'have' message from 1002 for the piece 578.
11:22:43: Peer 1001 received the 'have' message from 1002 for the piece 856.
11:22:43: Peer 1001 received the 'have' message from 1002 for the piece 1341.
11:22:43: Peer 1001 received the 'have' message from 1002 for the piece 384.
11:22:43: Peer 1001 received the 'have' message from 1002 for the piece 157.
11:22:43: Peer 1001 received the 'have' message from 1002 for the piece 480.
11:22:43: Peer 1001 received the 'have' message from 1002 for the piece 425.
11:22:43: Peer 1001 received the 'have' message from 1002 for the piece 614.
11:22:43: Peer 1001 received the 'have' message from 1002 for the piece 761.
11:22:43: Peer 1001 received the 'have' message from 1002 for the piece 705.
11:22:43: Peer 1001 received the 'have' message from 1002 for the piece 394.
11:22:43: Peer 1001 received the 'have' message from 1002 for the piece 739.
11:22:43: Peer 1001 received the 'have' message from 1002 for the piece 704.
11:22:43: Peer 1001 received the 'have' message from 1002 for the piece 1122.
11:22:43: Peer 1001 received the 'have' message from 1002 for the piece 411.
11:22:43: Peer 1001 received the 'have' message from 1002 for the piece 693.
11:22:43: Peer 1001 received the 'have' message from 1002 for the piece 73.
11:22:43: Peer 1001 received the 'have' message from 1002 for the piece 876.
11:22:43: Peer 1001 received the 'have' message from 1002 for the piece 1343.
11:22:43: Peer 1001 received the 'have' message from 1002 for the piece 1317.
11:22:43: Peer 1001 received the 'have' message from 1002 for the piece 1168.
11:22:43: Peer 1001 received the 'have' message from 1002 for the piece 1133.
11:22:43: Peer 1001 received the 'have' message from 1002 for the piece 63.
11:22:43: Peer 1001 received the 'have' message from 1002 for the piece 1483.
11:22:43: Peer 1001 received the 'have' message from 1002 for the piece 479.
11:22:43: Peer 1001 received the 'have' message from 1002 for the piece 1023.
11:22:43: Peer 1001 received the 'have' message from 1002 for the piece 1198.
11:22:43: Peer 1001 received the 'have' message from 1002 for the piece 92.
11:22:43: Peer 1001 received the 'have' message from 1002 for the piece 1112.
11:22:43: Peer 1001 received the 'have' message from 1002 for the piece 246.
11:22:43: Peer 1001 received the 'have' message from 1002 for the piece 420.
11:22:43: Peer 1001 received the 'have' message from 1002 for the piece 855.
11:22:43: Peer 1001 received the 'have' message from 1002 for the piece 1170.
11:22:43: Peer 1001 received the 'have' message from 1002 for the piece 127.
11:22:43: Peer 1001 received the 'have' message from 1002 for the piece 106.
11:22:43: Peer 1001 received the 'have' message from 1002 for the piece 23.
11:22:43: Peer 1001 received the 'have' message from 1002 for the piece 1295.
11:22:43: Peer 1001 received the 'have' message from 1002 for the piece 1261.
11:22:43: Peer 1001 received the 'have' message from 1002 for the piece 296.
11:22:43: Peer 1001 received the 'have' message from 1002 for the piece 620.
11:22:43: Peer 1001 received the 'have' message from 1002 for the piece 232.
11:22:43: Peer 1001 received the 'have' message from 1002 for the piece 89.
11:22:43: Peer 1001 received the 'have' message from 1002 for the piece 1029.
11:22:43: Peer 1001 received the 'have' message from 1002 for the piece 515.
11:22:43: Peer 1001 received the 'have' message from 1002 for the piece 311.
11:22:43: Peer 1001 received the 'have' message from 1002 for the piece 834.
11:22:43: Peer 1001 received the 'have' message from 1002 for the piece 297.
11:22:43: Peer 1001 received the 'have' message from 1002 for the piece 83.
11:22:43: Peer 1001 received the 'have' message from 1002 for the piece 209.
11:22:43: Peer 1001 received the 'have' message from 1002 for the piece 549.
11:22:43: Peer 1001 received the 'have' message from 1002 for the piece 1244.
11:22:43: Peer 1001 received the 'have' message from 1002 for the piece 355.
11:22:43: Peer 1001 received the 'have' message from 1002 for the piece 638.
11:22:43: Peer 1001 received the 'have' message from 1002 for the piece 1004.
11:22:43: Peer 1001 received the 'have' message from 1002 for the piece 1391.
11:22:43: Peer 1001 received the 'have' message from 1002 for the piece 398.
11:22:43: Peer 1001 received the 'have' message from 1002 for the piece 1002.
11:22:43: Peer 1001 received the 'have' message from 1002 for the piece 279.
11:22:43: Peer 1001 received the 'have' message from 1002 for the piece 1180.
11:22:43: Peer 1001 received the 'have' message from 1002 for the piece 778.
11:22:43: Peer 1001 received the 'have' message from 1002 for the piece 642.
11:22:43: Peer 1001 received the 'have' message from 1002 for the piece 694.
11:22:43: Peer 1001 received the 'have' message from 1002 for the piece 120.
11:22:43: Peer 1001 received the 'have' message from 1002 for the piece 917.
11:22:43: Peer 1001 received the 'have' message from 1002 for the piece 753.
11:22:43: Peer 1001 received the 'have' message from 1002 for the piece 1116.
11:22:43: Peer 1001 received the 'have' message from 1002 for the piece 1121.
11:22:43: Peer 1001 received the 'have' message from 1002 for the piece 669.
11:22:43: Peer 1001 received the 'have' message from 1002 for the piece 43.
11:22:43: Peer 1001 received the 'have' message from 1002 for the piece 1028.
11:22:43: Peer 1001 received the 'have' message from 1002 for the piece 722.
11:22:43: Peer 1001 received the 'have' message from 1002 for the piece 1084.
11:22:43: Peer 1001 received the 'have' message from 1002 for the piece 137.
11:22:43: Peer 1001 received the 'have' message from 1002 for the piece 1340.
11:22:43: Peer 1001 received the 'have' message from 1002 for the piece 1165.
11:22:43: Peer 1001 received the 'have' message from 1002 for the piece 15.
11:22:43: Peer 1001 received the 'have' message from 1002 for the piece 504.
11:22:43: Peer 1001 received the 'have' message from 1002 for the piece 1313.
11:22:43: Peer 1001 received the 'have' message from 1002 for the piece 49.
11:22:43: Peer 1001 received the 'have' message from 1002 for the piece 747.
11:22:43: Peer 1001 received the 'have' message from 1002 for the piece 386.
11:22:43: Peer 1001 received the 'have' message from 1002 for the piece 665.
11:22:43: Peer 1001 received the 'have' message from 1002 for the piece 1232.
11:22:43: Peer 1001 received the 'have' message from 1002 for the piece 977.
11:22:43: Peer 1001 received the 'have' message from 1002 for the piece 1368.
11:22:43: Peer 1001 received the 'have' message from 1002 for the piece 733.
11:22:43: Peer 1001 received the 'have' message from 1002 for the piece 273.
11:22:43: Peer 1001 received the 'have' message from 1002 for the piece 1478.
11:22:43: Peer 1001 received the 'have' message from 1002 for the piece 1219.
11:22:43: Peer 1001 received the 'have' message from 1002 for the piece 1200.
11:22:43: Peer 1001 received the 'have' message from 1002 for the piece 609.
11:22:43: Peer 1001 received the 'have' message from 1002 for the piece 142.
11:22:43: Peer 1001 received the 'have' message from 1002 for the piece 1106.
11:22:43: Peer 1001 received the 'have' message from 1002 for the piece 1085.
11:22:43: Peer 1001 received the 'have' message from 1002 for the piece 1438.
11:22:43: Peer 1001 received the 'have' message from 1002 for the piece 1001.
11:22:43: Peer 1001 received the 'have' message from 1002 for the piece 1263.
11:22:43: Peer 1001 received the 'have' message from 1002 for the piece 122.
11:22:43: Peer 1001 received the 'have' message from 1002 for the piece 579.
11:22:43: Peer 1001 received the 'have' message from 1002 for the piece 594.
11:22:43: Peer 1001 received the 'have' message from 1002 for the piece 272.
11:22:43: Peer 1001 received the 'have' message from 1002 for the piece 135.
11:22:43: Peer 1001 received the 'have' message from 1002 for the piece 1098.
11:22:43: Peer 1001 received the 'have' message from 1002 for the piece 1223.
11:22:43: Peer 1001 received the 'have' message from 1002 for the piece 576.
11:22:43: Peer 1001 received the 'have' message from 1002 for the piece 387.
11:22:43: Peer 1001 received the 'have' message from 1002 for the piece 413.
11:22:43: Peer 1001 received the 'have' message from 1002 for the piece 1378.
11:22:43: Peer 1001 received the 'have' message from 1002 for the piece 706.
11:22:43: Peer 1001 received the 'have' message from 1002 for the piece 1217.
11:22:43: Peer 1001 received the 'have' message from 1002 for the piece 1038.
11:22:43: Peer 1001 received the 'have' message from 1002 for the piece 719.
11:22:43: Peer 1001 received the 'have' message from 1002 for the piece 248.
11:22:43: Peer 1001 received the 'have' message from 1002 for the piece 966.
11:22:43: Peer 1001 received the 'have' message from 1002 for the piece 1160.
11:22:43: Peer 1001 received the 'have' message from 1002 for the piece 1237.
11:22:43: Peer 1001 received the 'have' message from 1002 for the piece 696.
11:22:43: Peer 1001 received the 'have' message from 1002 for the piece 188.
11:22:43: Peer 1001 received the 'have' message from 1002 for the piece 40.
11:22:43: Peer 1001 received the 'have' message from 1002 for the piece 378.
11:22:43: Peer 1001 received the 'have' message from 1002 for the piece 1394.
11:22:43: Peer 1001 received the 'have' message from 1002 for the piece 1113.
11:22:43: Peer 1001 received the 'have' message from 1002 for the piece 160.
11:22:43: Peer 1001 received the 'have' message from 1002 for the piece 695.
11:22:43: Peer 1001 received the 'have' message from 1002 for the piece 172.
11:22:43: Peer 1001 received the 'have' message from 1002 for the piece 842.
11:22:43: Peer 1001 received the 'have' message from 1002 for the piece 730.
11:22:43: Peer 1001 received the 'have' message from 1002 for the piece 836.
11:22:43: Peer 1001 received the 'have' message from 1002 for the piece 1420.
11:22:43: Peer 1001 received the 'have' message from 1002 for the piece 1363.
11:22:43: Peer 1001 received the 'have' message from 1002 for the piece 78.
11:22:43: Peer 1001 received the 'have' message from 1002 for the piece 31.
11:22:43: Peer 1001 received the 'have' message from 1002 for the piece 1035.
11:22:43: Peer 1001 received the 'have' message from 1002 for the piece 1186.
11:22:43: Peer 1001 received the 'have' message from 1002 for the piece 1480.
11:22:43: Peer 1001 received the 'have' message from 1002 for the piece 1445.
11:22:43: Peer 1001 received the 'have' message from 1002 for the piece 1401.
11:22:43: Peer 1001 received the 'have' message from 1002 for the piece 1287.
11:22:43: Peer 1001 received the 'have' message from 1002 for the piece 27.
11:22:43: Peer 1001 received the 'have' message from 1002 for the piece 352.
11:22:43: Peer 1001 received the 'have' message from 1002 for the piece 243.
11:22:43: Peer 1001 received the 'have' message from 1002 for the piece 1172.
11:22:43: Peer 1001 received the 'have' message from 1002 for the piece 1315.
11:22:43: Peer 1001 received the 'have' message from 1002 for the piece 527.
11:22:43: Peer 1001 received the 'have' message from 1002 for the piece 306.
11:22:43: Peer 1001 received the 'have' message from 1002 for the piece 726.
11:22:43: Peer 1001 received the 'have' message from 1002 for the piece 1051.
11:22:43: Peer 1001 received the 'have' message from 1002 for the piece 57.
11:22:43: Peer 1001 received the 'have' message from 1002 for the piece 1149.
11:22:43: Peer 1001 received the 'have' message from 1002 for the piece 641.
11:22:43: Peer 1001 received the 'have' message from 1002 for the piece 555.
11:22:43: Peer 1001 received the 'have' message from 1002 for the piece 652.
11:22:43: Peer 1001 received the 'have' message from 1002 for the piece 724.
11:22:43: Peer 1001 received the 'have' message from 1002 for the piece 405.
11:22:43: Peer 1001 received the 'have' message from 1002 for the piece 900.
11:22:43: Peer 1001 received the 'have' message from 1002 for the piece 782.
11:22:43: Peer 1001 received the 'have' message from 1002 for the piece 746.
11:22:43: Peer 1001 received the 'have' message from 1002 for the piece 1278.
11:22:43: Peer 1001 received the 'have' message from 1002 for the piece 575.
11:22:43: Peer 1001 received the 'have' message from 1002 for the piece 242.
11:22:43: Peer 1001 received the 'have' message from 1002 for the piece 1069.
11:22:43: Peer 1001 received the 'have' message from 1002 for the piece 539.
11:22:43: Peer 1001 received the 'have' message from 1002 for the piece 374.
11:22:44: Peer 1001 received the 'have' message from 1002 for the piece 941.
11:22:44: Peer 1001 received the 'have' message from 1002 for the piece 1275.
11:22:44: Peer 1001 received the 'have' message from 1002 for the piece 445.
11:22:44: Peer 1001 received the 'have' message from 1002 for the piece 1179.
11:22:44: Peer 1001 received the 'have' message from 1002 for the piece 493.
11:22:44: Peer 1001 received the 'have' message from 1002 for the piece 1335.
11:22:44: Peer 1001 received the 'have' message from 1002 for the piece 828.
11:22:44: Peer 1001 received the 'have' message from 1002 for the piece 1364.
11:22:44: Peer 1001 received the 'have' message from 1002 for the piece 463.
11:22:44: Peer 1001 received the 'have' message from 1002 for the piece 1103.
11:22:44: Peer 1001 received the 'have' message from 1002 for the piece 429.
11:22:44: Peer 1001 received the 'have' message from 1002 for the piece 1199.
11:22:44: Peer 1001 received the 'have' message from 1002 for the piece 799.
11:22:44: Peer 1001 received the 'have' message from 1002 for the piece 19.
11:22:44: Peer 1001 received the 'have' message from 1002 for the piece 1471.
11:22:44: Peer 1001 received the 'have' message from 1002 for the piece 569.
11:22:44: Peer 1001 received the 'have' message from 1002 for the piece 596.
11:22:44: Peer 1001 received the 'have' message from 1002 for the piece 1270.
11:22:44: Peer 1001 received the 'have' message from 1002 for the piece 1227.
11:22:44: Peer 1001 received the 'have' message from 1002 for the piece 891.
11:22:44: Peer 1001 received the 'have' message from 1002 for the piece 773.
11:22:44: Peer 1001 received the 'have' message from 1002 for the piece 982.
11:22:44: Peer 1001 received the 'have' message from 1002 for the piece 1456.
11:22:44: Peer 1001 received the 'have' message from 1002 for the piece 1294.
11:22:44: Peer 1001 received the 'have' message from 1002 for the piece 1266.
11:22:44: Peer 1001 received the 'have' message from 1002 for the piece 992.
11:22:44: Peer 1001 received the 'have' message from 1002 for the piece 251.
11:22:44: Peer 1001 received the 'have' message from 1002 for the piece 580.
11:22:44: Peer 1001 received the 'have' message from 1002 for the piece 632.
11:22:44: Peer 1001 received the 'have' message from 1002 for the piece 28.
11:22:44: Peer 1001 received the 'have' message from 1002 for the piece 942.
11:22:44: Peer 1001 received the 'have' message from 1002 for the piece 978.
11:22:44: Peer 1001 received the 'have' message from 1002 for the piece 437.
11:22:44: Peer 1001 received the 'have' message from 1002 for the piece 483.
11:22:44: Peer 1001 received the 'have' message from 1002 for the piece 424.
11:22:44: Peer 1001 received the 'have' message from 1002 for the piece 558.
11:22:44: Peer 1001 received the 'have' message from 1002 for the piece 259.
11:22:44: Peer 1001 received the 'have' message from 1002 for the piece 1.
11:22:44: Peer 1001 received the 'have' message from 1002 for the piece 1060.
11:22:44: Peer 1001 received the 'have' message from 1002 for the piece 1042.
11:22:44: Peer 1001 received the 'have' message from 1002 for the piece 79.
11:22:44: Peer 1001 received the 'have' message from 1002 for the piece 1153.
11:22:44: Peer 1001 received the 'have' message from 1002 for the piece 76.
11:22:44: Peer 1001 received the 'have' message from 1002 for the piece 244.
11:22:44: Peer 1001 received the 'have' message from 1002 for the piece 550.
11:22:44: Peer 1001 received the 'have' message from 1002 for the piece 582.
11:22:44: Peer 1001 received the 'have' message from 1002 for the piece 528.
11:22:44: Peer 1001 received the 'have' message from 1002 for the piece 793.
11:22:44: Peer 1001 received the 'have' message from 1002 for the piece 442.
11:22:44: Peer 1001 received the 'have' message from 1002 for the piece 521.
11:22:44: Peer 1001 received the 'have' message from 1002 for the piece 1105.
11:22:44: Peer 1001 received the 'have' message from 1002 for the piece 857.
11:22:44: Peer 1001 received the 'have' message from 1002 for the piece 1312.
11:22:44: Peer 1001 received the 'have' message from 1002 for the piece 647.
11:22:44: Peer 1001 received the 'have' message from 1002 for the piece 613.
11:22:44: Peer 1001 received the 'have' message from 1002 for the piece 1327.
11:22:44: Peer 1001 received the 'have' message from 1002 for the piece 616.
11:22:44: Peer 1001 received the 'have' message from 1002 for the piece 300.
11:22:44: Peer 1001 received the 'have' message from 1002 for the piece 444.
11:22:44: Peer 1001 received the 'have' message from 1002 for the piece 1462.
11:22:44: Peer 1001 received the 'have' message from 1002 for the piece 1027.
11:22:44: Peer 1001 received the 'have' message from 1002 for the piece 1221.
11:22:44: Peer 1001 received the 'have' message from 1002 for the piece 1111.
11:22:44: Peer 1001 received the 'have' message from 1002 for the piece 1328.
11:22:44: Peer 1001 received the 'have' message from 1002 for the piece 865.
11:22:44: Peer 1001 received the 'have' message from 1002 for the piece 1053.
11:22:44: Peer 1001 received the 'have' message from 1002 for the piece 567.
11:22:44: Peer 1001 received the 'have' message from 1002 for the piece 1440.
11:22:44: Peer 1001 received the 'have' message from 1002 for the piece 1230.
11:22:44: Peer 1001 received the 'have' message from 1002 for the piece 322.
11:22:44: Peer 1001 received the 'have' message from 1002 for the piece 883.
11:22:44: Peer 1001 received the 'have' message from 1002 for the piece 871.
11:22:44: Peer 1001 received the 'have' message from 1002 for the piece 649.
11:22:44: Peer 1001 received the 'have' message from 1002 for the piece 1107.
11:22:44: Peer 1001 received the 'have' message from 1002 for the piece 10.
11:22:44: Peer 1001 received the 'have' message from 1002 for the piece 1041.
11:22:44: Peer 1001 received the 'have' message from 1002 for the piece 670.
11:22:44: Peer 1001 received the 'have' message from 1002 for the piece 951.
11:22:44: Peer 1001 received the 'have' message from 1002 for the piece 543.
11:22:44: Peer 1001 received the 'have' message from 1002 for the piece 14.
11:22:44: Peer 1001 received the 'have' message from 1002 for the piece 237.
11:22:44: Peer 1001 received the 'have' message from 1002 for the piece 840.
11:22:44: Peer 1001 received the 'have' message from 1002 for the piece 685.
11:22:44: Peer 1001 received the 'have' message from 1002 for the piece 1208.
11:22:44: Peer 1001 received the 'have' message from 1002 for the piece 1210.
11:22:44: Peer 1001 received the 'have' message from 1002 for the piece 1257.
11:22:44: Peer 1001 received the 'have' message from 1002 for the piece 1231.
11:22:44: Peer 1001 received the 'have' message from 1002 for the piece 957.
11:22:44: Peer 1001 received the 'have' message from 1002 for the piece 1365.
11:22:44: Peer 1001 received the 'have' message from 1002 for the piece 959.
11:22:44: Peer 1001 received the 'have' message from 1002 for the piece 1393.
11:22:44: Peer 1001 received the 'have' message from 1002 for the piece 526.
11:22:44: Peer 1001 received the 'have' message from 1002 for the piece 284.
11:22:44: Peer 1001 received the 'have' message from 1002 for the piece 1426.
11:22:44: Peer 1001 received the 'have' message from 1002 for the piece 872.
11:22:44: Peer 1001 received the 'have' message from 1002 for the piece 1066.
11:22:44: Peer 1001 received the 'have' message from 1002 for the piece 1127.
11:22:44: Peer 1001 received the 'have' message from 1002 for the piece 117.
11:22:44: Peer 1001 received the 'have' message from 1002 for the piece 107.
11:22:44: Peer 1001 received the 'have' message from 1002 for the piece 1233.
11:22:44: Peer 1001 received the 'have' message from 1002 for the piece 1050.
11:22:44: Peer 1001 received the 'have' message from 1002 for the piece 602.
11:22:44: Peer 1001 received the 'have' message from 1002 for the piece 574.
11:22:44: Peer 1001 received the 'have' message from 1002 for the piece 935.
11:22:44: Peer 1001 received the 'have' message from 1002 for the piece 1056.
11:22:44: Peer 1001 received the 'have' message from 1002 for the piece 717.
11:22:44: Peer 1001 received the 'have' message from 1002 for the piece 156.
11:22:44: Peer 1001 received the 'have' message from 1002 for the piece 728.
11:22:44: Peer 1001 received the 'have' message from 1002 for the piece 1218.
11:22:44: Peer 1001 received the 'have' message from 1002 for the piece 1240.
11:22:44: Peer 1001 received the 'have' message from 1002 for the piece 1301.
11:22:44: Peer 1001 received the 'have' message from 1002 for the piece 973.
11:22:44: Peer 1001 received the 'have' message from 1002 for the piece 1373.
11:22:44: Peer 1001 received the 'have' message from 1002 for the piece 170.
11:22:44: Peer 1001 received the 'have' message from 1002 for the piece 759.
11:22:44: Peer 1001 received the 'have' message from 1002 for the piece 916.
11:22:44: Peer 1001 received the 'have' message from 1002 for the piece 1454.
11:22:44: Peer 1001 received the 'have' message from 1002 for the piece 622.
11:22:44: Peer 1001 received the 'have' message from 1002 for the piece 501.
11:22:44: Peer 1001 received the 'have' message from 1002 for the piece 67.
11:22:44: Peer 1001 received the 'have' message from 1002 for the piece 1077.
11:22:44: Peer 1001 received the 'have' message from 1002 for the piece 1406.
11:22:44: Peer 1001 received the 'have' message from 1002 for the piece 1404.
11:22:44: Peer 1001 received the 'have' message from 1002 for the piece 195.
11:22:44: Peer 1001 received the 'have' message from 1002 for the piece 1473.
11:22:44: Peer 1001 received the 'have' message from 1002 for the piece 1074.
11:22:44: Peer 1001 received the 'have' message from 1002 for the piece 662.
11:22:44: Peer 1001 received the 'have' message from 1002 for the piece 1059.
11:22:44: Peer 1001 received the 'have' message from 1002 for the piece 291.
11:22:44: Peer 1001 received the 'have' message from 1002 for the piece 1031.
11:22:44: Peer 1001 received the 'have' message from 1002 for the piece 972.
11:22:44: Peer 1001 received the 'have' message from 1002 for the piece 262.
11:22:44: Peer 1001 received the 'have' message from 1002 for the piece 221.
11:22:44: Peer 1001 received the 'have' message from 1002 for the piece 1321.
11:22:44: Peer 1001 received the 'have' message from 1002 for the piece 1176.
11:22:44: Peer 1001 received the 'have' message from 1002 for the piece 1184.
11:22:44: Peer 1001 received the 'have' message from 1002 for the piece 334.
11:22:44: Peer 1001 received the 'have' message from 1002 for the piece 168.
11:22:44: Peer 1001 received the 'have' message from 1002 for the piece 431.
11:22:44: Peer 1001 received the 'have' message from 1002 for the piece 721.
11:22:44: Peer 1001 received the 'have' message from 1002 for the piece 174.
11:22:44: Peer 1001 received the 'have' message from 1002 for the piece 1374.
11:22:44: Peer 1001 received the 'have' message from 1002 for the piece 478.
11:22:44: Peer 1001 received the 'have' message from 1002 for the piece 305.
11:22:44: Peer 1001 received the 'have' message from 1002 for the piece 96.
11:22:44: Peer 1001 received the 'have' message from 1002 for the piece 976.
11:22:44: Peer 1001 received the 'have' message from 1002 for the piece 86.
11:22:44: Peer 1001 received the 'have' message from 1002 for the piece 1214.
11:22:44: Peer 1001 received the 'have' message from 1002 for the piece 819.
11:22:44: Peer 1001 received the 'have' message from 1002 for the piece 208.
11:22:44: Peer 1001 received the 'have' message from 1002 for the piece 1316.
11:22:44: Peer 1001 received the 'have' message from 1002 for the piece 379.
11:22:44: Peer 1001 received the 'have' message from 1002 for the piece 606.
11:22:44: Peer 1001 received the 'have' message from 1002 for the piece 1305.
11:22:44: Peer 1001 received the 'have' message from 1002 for the piece 1283.
11:22:44: Peer 1001 received the 'have' message from 1002 for the piece 1442.
11:22:44: Peer 1001 received the 'have' message from 1002 for the piece 9.
11:22:44: Peer 1001 received the 'have' message from 1002 for the piece 1144.
11:22:44: Peer 1001 received the 'have' message from 1002 for the piece 1353.
11:22:44: Peer 1001 received the 'have' message from 1002 for the piece 699.
11:22:44: Peer 1001 received the 'have' message from 1002 for the piece 245.
11:22:44: Peer 1001 received the 'have' message from 1002 for the piece 806.
11:22:44: Peer 1001 received the 'have' message from 1002 for the piece 211.
11:22:44: Peer 1001 received the 'have' message from 1002 for the piece 148.
11:22:44: Peer 1001 received the 'have' message from 1002 for the piece 1216.
11:22:44: Peer 1001 received the 'not interested' message from 1002 .
11:25:12: Peer 1001 makes a connection to Peer 1006.
11:25:12: Peer 1001 received the 'interested' message from 1006.
11:25:13: Peer 1001 makes a connection to Peer 1002.
11:25:13: Peer 1001 received the 'interested' message from 1002.
11:25:16: Peer 1001 has the preferred neighbors 1002,1006.
11:25:20: Peer 1001 received the 'not interested' message from 1002 .
11:25:21: Peer 1001 has the preferred neighbors 1006.
11:25:21: Peer 1001 received the 'not interested' message from 1006 .
